E:\CODE\OPENCV\LIVE_BEAUTIFUL_CAMERA_STREAMING0.5\DEBUG\LIVE_BEAUTIFUL_CAMERA_STREAMING.EXE
E:\CODE\OPENCV\LIVE_BEAUTIFUL_CAMERA_STREAMING0.5\DEBUG\LIVE_BEAUTIFUL_CAMERA_STREAMING.ILK
E:\CODE\OPENCV\LIVE_BEAUTIFUL_CAMERA_STREAMING0.5\DEBUG\LIVE_BEAUTIFUL_CAMERA_STREAMING.PDB
E:\CODE\OPENCV\LIVE_BEAUTIFUL_CAMERA_STREAMING0.5\LIVE_BEAUTIFUL_CAMERA_STREAMING\DEBUG\CIRCLEBUFFER.OBJ
E:\code\OpenCV\live_beautiful_camera_streaming0.5\live_beautiful_camera_streaming\Debug\cl.command.1.tlog
E:\code\OpenCV\live_beautiful_camera_streaming0.5\live_beautiful_camera_streaming\Debug\CL.read.1.tlog
E:\code\OpenCV\live_beautiful_camera_streaming0.5\live_beautiful_camera_streaming\Debug\CL.write.1.tlog
E:\CODE\OPENCV\LIVE_BEAUTIFUL_CAMERA_STREAMING0.5\LIVE_BEAUTIFUL_CAMERA_STREAMING\DEBUG\LIBRTMP_SEND264.OBJ
E:\code\OpenCV\live_beautiful_camera_streaming0.5\live_beautiful_camera_streaming\Debug\link.1724.read.1.tlog
E:\code\OpenCV\live_beautiful_camera_streaming0.5\live_beautiful_camera_streaming\Debug\link.1724.write.1.tlog
E:\code\OpenCV\live_beautiful_camera_streaming0.5\live_beautiful_camera_streaming\Debug\link.1724-cvtres.read.1.tlog
E:\code\OpenCV\live_beautiful_camera_streaming0.5\live_beautiful_camera_streaming\Debug\link.1724-cvtres.write.1.tlog
E:\code\OpenCV\live_beautiful_camera_streaming0.5\live_beautiful_camera_streaming\Debug\link.command.1.tlog
E:\code\OpenCV\live_beautiful_camera_streaming0.5\live_beautiful_camera_streaming\Debug\link.read.1.tlog
E:\code\OpenCV\live_beautiful_camera_streaming0.5\live_beautiful_camera_streaming\Debug\link.write.1.tlog
E:\code\OpenCV\live_beautiful_camera_streaming0.5\live_beautiful_camera_streaming\Debug\link-cvtres.read.1.tlog
E:\code\OpenCV\live_beautiful_camera_streaming0.5\live_beautiful_camera_streaming\Debug\link-cvtres.write.1.tlog
E:\CODE\OPENCV\LIVE_BEAUTIFUL_CAMERA_STREAMING0.5\LIVE_BEAUTIFUL_CAMERA_STREAMING\DEBUG\LIVE_BEAUTIFUL_CAMERA_STREAMING.EXE.EMBED.MANIFEST
E:\CODE\OPENCV\LIVE_BEAUTIFUL_CAMERA_STREAMING0.5\LIVE_BEAUTIFUL_CAMERA_STREAMING\DEBUG\LIVE_BEAUTIFUL_CAMERA_STREAMING.EXE.EMBED.MANIFEST.RES
E:\CODE\OPENCV\LIVE_BEAUTIFUL_CAMERA_STREAMING0.5\LIVE_BEAUTIFUL_CAMERA_STREAMING\DEBUG\LIVE_BEAUTIFUL_CAMERA_STREAMING.EXE.INTERMEDIATE.MANIFEST
E:\CODE\OPENCV\LIVE_BEAUTIFUL_CAMERA_STREAMING0.5\LIVE_BEAUTIFUL_CAMERA_STREAMING\DEBUG\LIVE_BEAUTIFUL_CAMERA_STREAMING.OBJ
E:\CODE\OPENCV\LIVE_BEAUTIFUL_CAMERA_STREAMING0.5\LIVE_BEAUTIFUL_CAMERA_STREAMING\DEBUG\LIVE_BEAUTIFUL_CAMERA_STREAMING.PCH
E:\code\OpenCV\live_beautiful_camera_streaming0.5\live_beautiful_camera_streaming\Debug\live_beautiful_camera_streaming.write.1.tlog
E:\code\OpenCV\live_beautiful_camera_streaming0.5\live_beautiful_camera_streaming\Debug\live_beautiful_camera_streaming_manifest.rc
E:\code\OpenCV\live_beautiful_camera_streaming0.5\live_beautiful_camera_streaming\Debug\mt.command.1.tlog
E:\code\OpenCV\live_beautiful_camera_streaming0.5\live_beautiful_camera_streaming\Debug\mt.read.1.tlog
E:\code\OpenCV\live_beautiful_camera_streaming0.5\live_beautiful_camera_streaming\Debug\mt.write.1.tlog
E:\CODE\OPENCV\LIVE_BEAUTIFUL_CAMERA_STREAMING0.5\LIVE_BEAUTIFUL_CAMERA_STREAMING\DEBUG\MY_ENHANCE.OBJ
E:\CODE\OPENCV\LIVE_BEAUTIFUL_CAMERA_STREAMING0.5\LIVE_BEAUTIFUL_CAMERA_STREAMING\DEBUG\MY_FACE_DETETION.OBJ
E:\CODE\OPENCV\LIVE_BEAUTIFUL_CAMERA_STREAMING0.5\LIVE_BEAUTIFUL_CAMERA_STREAMING\DEBUG\MY_SENDH264TO_RTMP.OBJ
E:\CODE\OPENCV\LIVE_BEAUTIFUL_CAMERA_STREAMING0.5\LIVE_BEAUTIFUL_CAMERA_STREAMING\DEBUG\MY_YUV_TO_H264.OBJ
E:\code\OpenCV\live_beautiful_camera_streaming0.5\live_beautiful_camera_streaming\Debug\rc.command.1.tlog
E:\code\OpenCV\live_beautiful_camera_streaming0.5\live_beautiful_camera_streaming\Debug\rc.read.1.tlog
E:\code\OpenCV\live_beautiful_camera_streaming0.5\live_beautiful_camera_streaming\Debug\rc.write.1.tlog
E:\CODE\OPENCV\LIVE_BEAUTIFUL_CAMERA_STREAMING0.5\LIVE_BEAUTIFUL_CAMERA_STREAMING\DEBUG\STDAFX.OBJ
E:\code\OpenCV\live_beautiful_camera_streaming0.5\live_beautiful_camera_streaming\Debug\vc100.idb
E:\CODE\OPENCV\LIVE_BEAUTIFUL_CAMERA_STREAMING0.5\LIVE_BEAUTIFUL_CAMERA_STREAMING\DEBUG\VC100.PDB
