生成启动时间为 2016/3/3 15:25:01。
     1>项目“E:\code\test\live_beautiful_camera_streaming\live_beautiful_camera_streaming\live_beautiful_camera_streaming.vcxproj”在节点 2 上(build 个目标)。
     1>InitializeBuildStatus:
         正在创建“x64\Debug\live_beautiful_camera_streaming.unsuccessfulbuild”，因为已指定“AlwaysCreate”。
       ClCompile:
         所有输出均为最新。
         C:\Program Files (x86)\Microsoft Visual Studio 10.0\VC\bin\x86_amd64\CL.exe /c /Zi /nologo /W3 /WX- /Od /D WIN32 /D _DEBUG /D _CONSOLE /D _UNICODE /D UNICODE /Gm /EHsc /RTC1 /MDd /GS /fp:precise /Zc:wchar_t /Zc:forScope /Yu"StdAfx.h" /Fp"x64\Debug\live_beautiful_camera_streaming.pch" /Fo"x64\Debug\\" /Fd"x64\Debug\vc100.pdb" /Gd /TP /errorReport:prompt live_beautiful_camera_streaming.cpp
         live_beautiful_camera_streaming.cpp
     1>live_beautiful_camera_streaming.cpp(41): warning C4101: “capture”: 未引用的局部变量
     1>live_beautiful_camera_streaming.cpp(141): warning C4244: “参数”: 从“double”转换到“int”，可能丢失数据
       ManifestResourceCompile:
         所有输出均为最新。
       Link:
         C:\Program Files (x86)\Microsoft Visual Studio 10.0\VC\bin\x86_amd64\link.exe /ERRORREPORT:PROMPT /OUT:"E:\code\test\live_beautiful_camera_streaming\x64\Debug\live_beautiful_camera_streaming.exe" /INCREMENTAL /NOLOGO kernel32.lib user32.lib gdi32.lib winspool.lib comdlg32.lib advapi32.lib shell32.lib ole32.lib oleaut32.lib uuid.lib odbc32.lib odbccp32.lib /MANIFEST /ManifestFile:"x64\Debug\live_beautiful_camera_streaming.exe.intermediate.manifest" /MANIFESTUAC:"level='asInvoker' uiAccess='false'" /DEBUG /PDB:"E:\code\test\live_beautiful_camera_streaming\x64\Debug\live_beautiful_camera_streaming.pdb" /SUBSYSTEM:CONSOLE /TLBID:1 /DYNAMICBASE /NXCOMPAT /IMPLIB:"E:\code\test\live_beautiful_camera_streaming\x64\Debug\live_beautiful_camera_streaming.lib" /MACHINE:X64 x64\Debug\live_beautiful_camera_streaming.exe.embed.manifest.res
         x64\Debug\live_beautiful_camera_streaming.obj
         x64\Debug\stdafx.obj
         live_beautiful_camera_streaming.vcxproj -> E:\code\test\live_beautiful_camera_streaming\x64\Debug\live_beautiful_camera_streaming.exe
       Manifest:
         C:\Program Files (x86)\Microsoft SDKs\Windows\v7.0A\bin\mt.exe /nologo /verbose /out:"x64\Debug\live_beautiful_camera_streaming.exe.embed.manifest" /manifest x64\Debug\live_beautiful_camera_streaming.exe.intermediate.manifest
         所有输出均为最新。
       LinkEmbedManifest:
         所有输出均为最新。
         live_beautiful_camera_streaming.vcxproj -> E:\code\test\live_beautiful_camera_streaming\x64\Debug\live_beautiful_camera_streaming.exe
       FinalizeBuildStatus:
         正在删除文件“x64\Debug\live_beautiful_camera_streaming.unsuccessfulbuild”。
         正在对“x64\Debug\live_beautiful_camera_streaming.lastbuildstate”执行 Touch 任务。
     1>已完成生成项目“E:\code\test\live_beautiful_camera_streaming\live_beautiful_camera_streaming\live_beautiful_camera_streaming.vcxproj”(build 个目标)的操作。

生成成功。

已用时间 00:00:06.93
